<?xml version="1.0" encoding="UTF-8"?>
<!-- Generated by org.testng.reporters.JUnitReportReporter -->
<testsuite hostname="DESKTOP-V6N3R1E" failures="0" tests="2" name="StepDefinitions.ValidatingNegativeScenarioLink" time="2.568" errors="0" timestamp="05 Nov 2020 01:39:07 GMT" skipped="0">
  <testcase classname="StepDefinitions.ValidatingNegativeScenarioLink" name="m1" time="1.866"/>
  <testcase classname="StepDefinitions.ValidatingNegativeScenarioLink" name="m2" time="0.702"/>
</testsuite> <!-- StepDefinitions.ValidatingNegativeScenarioLink -->
