<?xml version="1.0" encoding="UTF-8"?>
<!-- Generated by org.testng.reporters.JUnitReportReporter -->
<testsuite hostname="DESKTOP-V6N3R1E" failures="0" tests="1" name="StepDefinitions.TestNg" time="2.668" errors="0" timestamp="05 Nov 2020 02:52:36 GMT" skipped="0">
  <testcase classname="StepDefinitions.TestNg" name="testing" time="2.668"/>
</testsuite> <!-- StepDefinitions.TestNg -->
