<?xml version="1.0" encoding="UTF-8"?>
<!-- Generated by org.testng.reporters.JUnitReportReporter -->
<testsuite hostname="DESKTOP-V6N3R1E" failures="0" tests="1" name="StepDefinitions.NegativeScenario" time="2.581" errors="0" timestamp="05 Nov 2020 01:52:42 GMT" skipped="0">
  <testcase classname="StepDefinitions.NegativeScenario" name="test_01" time="2.581"/>
</testsuite> <!-- StepDefinitions.NegativeScenario -->
