<?xml version="1.0" encoding="UTF-8"?>
<!-- Generated by org.testng.reporters.JUnitReportReporter -->
<testsuite hostname="DESKTOP-V6N3R1E" failures="0" tests="1" name="StepDefinitions.ValidatingStatusCode" time="1.712" errors="0" timestamp="05 Nov 2020 02:04:36 GMT" skipped="0">
  <testcase classname="StepDefinitions.ValidatingStatusCode" name="status" time="1.712"/>
</testsuite> <!-- StepDefinitions.ValidatingStatusCode -->
