<?xml version="1.0" encoding="UTF-8"?>
<!-- Generated by org.testng.reporters.JUnitReportReporter -->
<testsuite hostname="DESKTOP-V6N3R1E" failures="0" tests="5" name="StepDefinitions.DataProviderAnnotation" time="0.032" errors="0" timestamp="04 Nov 2020 07:45:12 GMT" skipped="0">
  <testcase classname="StepDefinitions.DataProviderAnnotation" name="test" time="0.004"/>
  <testcase classname="StepDefinitions.DataProviderAnnotation" name="test" time="0.013"/>
  <testcase classname="StepDefinitions.DataProviderAnnotation" name="test" time="0.002"/>
  <testcase classname="StepDefinitions.DataProviderAnnotation" name="test1" time="0.008"/>
  <testcase classname="StepDefinitions.DataProviderAnnotation" name="test1" time="0.005"/>
</testsuite> <!-- StepDefinitions.DataProviderAnnotation -->
