<?xml version="1.0" encoding="UTF-8"?>
<!-- Generated by org.testng.reporters.JUnitReportReporter -->
<testsuite hostname="DESKTOP-V6N3R1E" failures="0" tests="1" name="StepDefinitions.ResponseLogging" time="2.198" errors="0" timestamp="05 Nov 2020 01:28:21 GMT" skipped="0">
  <testcase classname="StepDefinitions.ResponseLogging" name="test_01" time="2.198"/>
</testsuite> <!-- StepDefinitions.ResponseLogging -->
